<?xml version="1.0" encoding="UTF-8"?>
<coverage generated="1739923100733" clover="3.2.0">
  <project timestamp="1739923100733" name="All files">
    <metrics statements="100" coveredstatements="98" conditionals="34" coveredconditionals="29" methods="29" coveredmethods="29" elements="163" coveredelements="156" complexity="0" loc="100" ncloc="100" packages="2" files="9" classes="9"/>
    <package name="Meetup">
      <metrics statements="25" coveredstatements="24" conditionals="6" coveredconditionals="4" methods="7" coveredmethods="7"/>
      <file name="App.jsx" path="/Users/golf/Meetup/App.jsx">
        <metrics statements="18" coveredstatements="17" conditionals="6" coveredconditionals="4" methods="4" coveredmethods="4"/>
        <line num="9" count="3" type="stmt"/>
        <line num="10" count="12" type="stmt"/>
        <line num="11" count="12" type="stmt"/>
        <line num="12" count="12" type="stmt"/>
        <line num="13" count="12" type="stmt"/>
        <line num="14" count="12" type="stmt"/>
        <line num="15" count="12" type="stmt"/>
        <line num="18" count="12" type="stmt"/>
        <line num="20" count="6" type="stmt"/>
        <line num="21" count="6" type="stmt"/>
        <line num="22" count="6" type="stmt"/>
        <line num="23" count="6" type="cond" truecount="2" falsecount="0"/>
        <line num="25" count="73" type="stmt"/>
        <line num="26" count="6" type="stmt"/>
        <line num="27" count="6" type="stmt"/>
        <line num="29" count="0" type="stmt"/>
        <line num="32" count="6" type="stmt"/>
        <line num="35" count="12" type="stmt"/>
      </file>
      <file name="api.js" path="/Users/golf/Meetup/api.js">
        <metrics statements="6" coveredstatements="6" conditionals="0" coveredconditionals="0" methods="3" coveredmethods="3"/>
        <line num="15" count="3" type="stmt"/>
        <line num="16" count="730" type="stmt"/>
        <line num="17" count="10" type="stmt"/>
        <line num="18" count="10" type="stmt"/>
        <line num="26" count="3" type="stmt"/>
        <line num="27" count="12" type="stmt"/>
      </file>
      <file name="mock-data.js" path="/Users/golf/Meetup/mock-data.js">
        <metrics statements="1" coveredstatements="1" conditionals="0" coveredconditionals="0" methods="0" coveredmethods="0"/>
        <line num="1" count="4" type="stmt"/>
      </file>
    </package>
    <package name="Meetup.src.components">
      <metrics statements="75" coveredstatements="74" conditionals="28" coveredconditionals="25" methods="22" coveredmethods="22"/>
      <file name="Alert.jsx" path="/Users/golf/Meetup/src/components/Alert.jsx">
        <metrics statements="12" coveredstatements="12" conditionals="0" coveredconditionals="0" methods="5" coveredmethods="5"/>
        <line num="7" count="4" type="stmt"/>
        <line num="8" count="4" type="stmt"/>
        <line num="9" count="4" type="stmt"/>
        <line num="12" count="4" type="stmt"/>
        <line num="13" count="4" type="stmt"/>
        <line num="29" count="4" type="stmt"/>
        <line num="39" count="2" type="stmt"/>
        <line num="40" count="2" type="stmt"/>
        <line num="41" count="2" type="stmt"/>
        <line num="47" count="2" type="stmt"/>
        <line num="48" count="2" type="stmt"/>
        <line num="49" count="2" type="stmt"/>
      </file>
      <file name="Button.jsx" path="/Users/golf/Meetup/src/components/Button.jsx">
        <metrics statements="5" coveredstatements="5" conditionals="4" coveredconditionals="4" methods="3" coveredmethods="3"/>
        <line num="4" count="5" type="stmt"/>
        <line num="5" count="295" type="stmt"/>
        <line num="7" count="295" type="stmt"/>
        <line num="8" count="2" type="stmt"/>
        <line num="11" count="295" type="stmt"/>
      </file>
      <file name="CitySearch.jsx" path="/Users/golf/Meetup/src/components/CitySearch.jsx">
        <metrics statements="36" coveredstatements="35" conditionals="14" coveredconditionals="11" methods="9" coveredmethods="9"/>
        <line num="5" count="3" type="stmt"/>
        <line num="6" count="66" type="stmt"/>
        <line num="7" count="66" type="stmt"/>
        <line num="8" count="66" type="stmt"/>
        <line num="9" count="66" type="stmt"/>
        <line num="11" count="66" type="stmt"/>
        <line num="12" count="38" type="stmt"/>
        <line num="14" count="38" type="cond" truecount="1" falsecount="1"/>
        <line num="15" count="570" type="stmt"/>
        <line num="18" count="38" type="stmt"/>
        <line num="19" count="38" type="stmt"/>
        <line num="21" count="38" type="cond" truecount="2" falsecount="0"/>
        <line num="22" count="1" type="stmt"/>
        <line num="24" count="37" type="stmt"/>
        <line num="28" count="38" type="cond" truecount="2" falsecount="0"/>
        <line num="29" count="11" type="stmt"/>
        <line num="31" count="27" type="stmt"/>
        <line num="33" count="38" type="stmt"/>
        <line num="37" count="66" type="stmt"/>
        <line num="38" count="2" type="stmt"/>
        <line num="39" count="2" type="stmt"/>
        <line num="40" count="2" type="stmt"/>
        <line num="41" count="2" type="stmt"/>
        <line num="42" count="2" type="stmt"/>
        <line num="46" count="66" type="stmt"/>
        <line num="47" count="18" type="stmt"/>
        <line num="48" count="10" type="cond" truecount="3" falsecount="1"/>
        <line num="49" count="0" type="stmt"/>
        <line num="53" count="18" type="stmt"/>
        <line num="54" count="18" type="stmt"/>
        <line num="55" count="18" type="stmt"/>
        <line num="59" count="66" type="stmt"/>
        <line num="68" count="7" type="cond" truecount="1" falsecount="1"/>
        <line num="69" count="7" type="stmt"/>
        <line num="70" count="7" type="stmt"/>
        <line num="81" count="151" type="stmt"/>
      </file>
      <file name="Event.jsx" path="/Users/golf/Meetup/src/components/Event.jsx">
        <metrics statements="2" coveredstatements="2" conditionals="0" coveredconditionals="0" methods="1" coveredmethods="1"/>
        <line num="6" count="4" type="stmt"/>
        <line num="7" count="291" type="stmt"/>
      </file>
      <file name="EventList.jsx" path="/Users/golf/Meetup/src/components/EventList.jsx">
        <metrics statements="3" coveredstatements="3" conditionals="2" coveredconditionals="2" methods="2" coveredmethods="2"/>
        <line num="5" count="3" type="stmt"/>
        <line num="6" count="15" type="stmt"/>
        <line num="9" count="286" type="stmt"/>
      </file>
      <file name="NumberOfEvents.jsx" path="/Users/golf/Meetup/src/components/NumberOfEvents.jsx">
        <metrics statements="17" coveredstatements="17" conditionals="8" coveredconditionals="8" methods="2" coveredmethods="2"/>
        <line num="4" count="4" type="stmt"/>
        <line num="5" count="47" type="stmt"/>
        <line num="7" count="47" type="stmt"/>
        <line num="8" count="28" type="stmt"/>
        <line num="11" count="28" type="stmt"/>
        <line num="13" count="28" type="stmt"/>
        <line num="16" count="28" type="cond" truecount="2" falsecount="0"/>
        <line num="17" count="6" type="stmt"/>
        <line num="18" count="22" type="cond" truecount="2" falsecount="0"/>
        <line num="19" count="6" type="stmt"/>
        <line num="20" count="16" type="cond" truecount="2" falsecount="0"/>
        <line num="21" count="1" type="stmt"/>
        <line num="22" count="15" type="cond" truecount="2" falsecount="0"/>
        <line num="23" count="1" type="stmt"/>
        <line num="27" count="14" type="stmt"/>
        <line num="28" count="14" type="stmt"/>
        <line num="32" count="47" type="stmt"/>
      </file>
    </package>
  </project>
</coverage>
