{"/Users/golf/Meetup/App.jsx": {"path":"/Users/golf/Meetup/App.jsx","statementMap":{"0":{"start":{"line":9,"column":12},"end":{"line":60,"column":1}},"1":{"start":{"line":10,"column":30},"end":{"line":10,"column":42}},"2":{"start":{"line":11,"column":42},"end":{"line":11,"column":54}},"3":{"start":{"line":12,"column":40},"end":{"line":12,"column":66}},"4":{"start":{"line":13,"column":38},"end":{"line":13,"column":52}},"5":{"start":{"line":14,"column":38},"end":{"line":14,"column":50}},"6":{"start":{"line":15,"column":36},"end":{"line":15,"column":48}},"7":{"start":{"line":18,"column":2},"end":{"line":33,"column":32}},"8":{"start":{"line":20,"column":24},"end":{"line":31,"column":3}},"9":{"start":{"line":21,"column":4},"end":{"line":30,"column":5}},"10":{"start":{"line":22,"column":24},"end":{"line":22,"column":41}},"11":{"start":{"line":23,"column":29},"end":{"line":25,"column":67}},"12":{"start":{"line":25,"column":36},"end":{"line":25,"column":66}},"13":{"start":{"line":26,"column":6},"end":{"line":26,"column":53}},"14":{"start":{"line":27,"column":6},"end":{"line":27,"column":51}},"15":{"start":{"line":29,"column":6},"end":{"line":29,"column":53}},"16":{"start":{"line":32,"column":4},"end":{"line":32,"column":20}},"17":{"start":{"line":35,"column":2},"end":{"line":59,"column":4}}},"fnMap":{"0":{"name":"(anonymous_0)","decl":{"start":{"line":9,"column":12},"end":{"line":9,"column":13}},"loc":{"start":{"line":9,"column":18},"end":{"line":60,"column":1}},"line":9},"1":{"name":"(anonymous_1)","decl":{"start":{"line":18,"column":12},"end":{"line":18,"column":13}},"loc":{"start":{"line":18,"column":18},"end":{"line":33,"column":3}},"line":18},"2":{"name":"(anonymous_2)","decl":{"start":{"line":20,"column":24},"end":{"line":20,"column":25}},"loc":{"start":{"line":20,"column":36},"end":{"line":31,"column":3}},"line":20},"3":{"name":"(anonymous_3)","decl":{"start":{"line":25,"column":27},"end":{"line":25,"column":28}},"loc":{"start":{"line":25,"column":36},"end":{"line":25,"column":66}},"line":25}},"branchMap":{"0":{"loc":{"start":{"line":23,"column":29},"end":{"line":25,"column":67}},"type":"cond-expr","locations":[{"start":{"line":24,"column":10},"end":{"line":24,"column":19}},{"start":{"line":25,"column":10},"end":{"line":25,"column":67}}],"line":23},"1":{"loc":{"start":{"line":40,"column":9},"end":{"line":40,"column":64}},"type":"cond-expr","locations":[{"start":{"line":40,"column":28},"end":{"line":40,"column":57}},{"start":{"line":40,"column":60},"end":{"line":40,"column":64}}],"line":40},"2":{"loc":{"start":{"line":55,"column":9},"end":{"line":55,"column":60}},"type":"cond-expr","locations":[{"start":{"line":55,"column":22},"end":{"line":55,"column":53}},{"start":{"line":55,"column":56},"end":{"line":55,"column":60}}],"line":55}},"s":{"0":3,"1":12,"2":12,"3":12,"4":12,"5":12,"6":12,"7":12,"8":6,"9":6,"10":6,"11":6,"12":73,"13":6,"14":6,"15":0,"16":6,"17":12},"f":{"0":12,"1":6,"2":6,"3":73},"b":{"0":[5,1],"1":[0,12],"2":[0,12]},"_coverageSchema":"1a1c01bbd47fc00a2c39e90264f33305004495a9","hash":"400f1d83258f327be6c813b08d14a769998a14f1"}
,"/Users/golf/Meetup/api.js": {"path":"/Users/golf/Meetup/api.js","statementMap":{"0":{"start":{"line":15,"column":32},"end":{"line":19,"column":1}},"1":{"start":{"line":16,"column":29},"end":{"line":16,"column":66}},"2":{"start":{"line":16,"column":51},"end":{"line":16,"column":65}},"3":{"start":{"line":17,"column":20},"end":{"line":17,"column":52}},"4":{"start":{"line":18,"column":2},"end":{"line":18,"column":19}},"5":{"start":{"line":26,"column":25},"end":{"line":28,"column":1}},"6":{"start":{"line":27,"column":2},"end":{"line":27,"column":18}}},"fnMap":{"0":{"name":"(anonymous_0)","decl":{"start":{"line":15,"column":32},"end":{"line":15,"column":33}},"loc":{"start":{"line":15,"column":44},"end":{"line":19,"column":1}},"line":15},"1":{"name":"(anonymous_1)","decl":{"start":{"line":16,"column":40},"end":{"line":16,"column":41}},"loc":{"start":{"line":16,"column":51},"end":{"line":16,"column":65}},"line":16},"2":{"name":"(anonymous_2)","decl":{"start":{"line":26,"column":25},"end":{"line":26,"column":26}},"loc":{"start":{"line":26,"column":37},"end":{"line":28,"column":1}},"line":26}},"branchMap":{},"s":{"0":3,"1":10,"2":730,"3":10,"4":10,"5":3,"6":12},"f":{"0":10,"1":730,"2":12},"b":{},"_coverageSchema":"1a1c01bbd47fc00a2c39e90264f33305004495a9","hash":"d408825609ccfa430ca6c9569641f5c3b148e2b6"}
,"/Users/golf/Meetup/mock-data.js": {"path":"/Users/golf/Meetup/mock-data.js","statementMap":{"0":{"start":{"line":1,"column":17},"end":{"line":3779,"column":5}}},"fnMap":{},"branchMap":{},"s":{"0":4},"f":{},"b":{},"_coverageSchema":"1a1c01bbd47fc00a2c39e90264f33305004495a9","hash":"87d6e3d6db28d8fd73a9eeb9cfa31fcaf51cc796"}
,"/Users/golf/Meetup/src/components/Alert.jsx": {"path":"/Users/golf/Meetup/src/components/Alert.jsx","statementMap":{"0":{"start":{"line":7,"column":4},"end":{"line":7,"column":17}},"1":{"start":{"line":8,"column":4},"end":{"line":8,"column":22}},"2":{"start":{"line":9,"column":4},"end":{"line":9,"column":24}},"3":{"start":{"line":12,"column":13},"end":{"line":26,"column":3}},"4":{"start":{"line":13,"column":4},"end":{"line":25,"column":6}},"5":{"start":{"line":29,"column":4},"end":{"line":33,"column":6}},"6":{"start":{"line":39,"column":4},"end":{"line":39,"column":17}},"7":{"start":{"line":40,"column":4},"end":{"line":40,"column":34}},"8":{"start":{"line":41,"column":4},"end":{"line":41,"column":40}},"9":{"start":{"line":47,"column":4},"end":{"line":47,"column":17}},"10":{"start":{"line":48,"column":4},"end":{"line":48,"column":34}},"11":{"start":{"line":49,"column":4},"end":{"line":49,"column":40}}},"fnMap":{"0":{"name":"(anonymous_0)","decl":{"start":{"line":6,"column":2},"end":{"line":6,"column":3}},"loc":{"start":{"line":6,"column":21},"end":{"line":10,"column":3}},"line":6},"1":{"name":"(anonymous_1)","decl":{"start":{"line":12,"column":13},"end":{"line":12,"column":14}},"loc":{"start":{"line":12,"column":19},"end":{"line":26,"column":3}},"line":12},"2":{"name":"(anonymous_2)","decl":{"start":{"line":28,"column":2},"end":{"line":28,"column":3}},"loc":{"start":{"line":28,"column":11},"end":{"line":34,"column":3}},"line":28},"3":{"name":"(anonymous_3)","decl":{"start":{"line":38,"column":2},"end":{"line":38,"column":3}},"loc":{"start":{"line":38,"column":21},"end":{"line":42,"column":3}},"line":38},"4":{"name":"(anonymous_4)","decl":{"start":{"line":46,"column":2},"end":{"line":46,"column":3}},"loc":{"start":{"line":46,"column":21},"end":{"line":50,"column":3}},"line":46}},"branchMap":{},"s":{"0":4,"1":4,"2":4,"3":4,"4":4,"5":4,"6":2,"7":2,"8":2,"9":2,"10":2,"11":2},"f":{"0":4,"1":4,"2":4,"3":2,"4":2},"b":{},"_coverageSchema":"1a1c01bbd47fc00a2c39e90264f33305004495a9","hash":"c9ad4f5f741c5385288839ab884ff6c41d499da9"}
,"/Users/golf/Meetup/src/components/Button.jsx": {"path":"/Users/golf/Meetup/src/components/Button.jsx","statementMap":{"0":{"start":{"line":4,"column":15},"end":{"line":19,"column":1}},"1":{"start":{"line":5,"column":32},"end":{"line":5,"column":46}},"2":{"start":{"line":7,"column":24},"end":{"line":9,"column":3}},"3":{"start":{"line":8,"column":4},"end":{"line":8,"column":46}},"4":{"start":{"line":8,"column":32},"end":{"line":8,"column":44}},"5":{"start":{"line":11,"column":2},"end":{"line":18,"column":4}}},"fnMap":{"0":{"name":"(anonymous_0)","decl":{"start":{"line":4,"column":15},"end":{"line":4,"column":16}},"loc":{"start":{"line":4,"column":30},"end":{"line":19,"column":1}},"line":4},"1":{"name":"(anonymous_1)","decl":{"start":{"line":7,"column":24},"end":{"line":7,"column":25}},"loc":{"start":{"line":7,"column":30},"end":{"line":9,"column":3}},"line":7},"2":{"name":"(anonymous_2)","decl":{"start":{"line":8,"column":15},"end":{"line":8,"column":16}},"loc":{"start":{"line":8,"column":32},"end":{"line":8,"column":44}},"line":8}},"branchMap":{"0":{"loc":{"start":{"line":13,"column":13},"end":{"line":13,"column":81}},"type":"cond-expr","locations":[{"start":{"line":13,"column":23},"end":{"line":13,"column":27}},{"start":{"line":13,"column":30},"end":{"line":13,"column":81}}],"line":13},"1":{"loc":{"start":{"line":15,"column":9},"end":{"line":15,"column":50}},"type":"cond-expr","locations":[{"start":{"line":15,"column":19},"end":{"line":15,"column":33}},{"start":{"line":15,"column":36},"end":{"line":15,"column":50}}],"line":15}},"s":{"0":5,"1":295,"2":295,"3":2,"4":2,"5":295},"f":{"0":295,"1":2,"2":2},"b":{"0":[294,1],"1":[294,1]},"_coverageSchema":"1a1c01bbd47fc00a2c39e90264f33305004495a9","hash":"9d20be657748232dac819e8c91c460601639aecc"}
,"/Users/golf/Meetup/src/components/CitySearch.jsx": {"path":"/Users/golf/Meetup/src/components/CitySearch.jsx","statementMap":{"0":{"start":{"line":5,"column":19},"end":{"line":101,"column":1}},"1":{"start":{"line":6,"column":48},"end":{"line":6,"column":63}},"2":{"start":{"line":7,"column":28},"end":{"line":7,"column":40}},"3":{"start":{"line":8,"column":40},"end":{"line":8,"column":62}},"4":{"start":{"line":9,"column":28},"end":{"line":9,"column":40}},"5":{"start":{"line":11,"column":29},"end":{"line":35,"column":3}},"6":{"start":{"line":12,"column":17},"end":{"line":12,"column":35}},"7":{"start":{"line":14,"column":30},"end":{"line":16,"column":28}},"8":{"start":{"line":15,"column":6},"end":{"line":15,"column":69}},"9":{"start":{"line":18,"column":4},"end":{"line":18,"column":19}},"10":{"start":{"line":19,"column":4},"end":{"line":19,"column":38}},"11":{"start":{"line":21,"column":4},"end":{"line":25,"column":5}},"12":{"start":{"line":22,"column":6},"end":{"line":22,"column":32}},"13":{"start":{"line":24,"column":6},"end":{"line":24,"column":30}},"14":{"start":{"line":28,"column":4},"end":{"line":32,"column":5}},"15":{"start":{"line":29,"column":6},"end":{"line":29,"column":88}},"16":{"start":{"line":31,"column":6},"end":{"line":31,"column":19}},"17":{"start":{"line":33,"column":4},"end":{"line":33,"column":27}},"18":{"start":{"line":37,"column":28},"end":{"line":43,"column":3}},"19":{"start":{"line":38,"column":18},"end":{"line":38,"column":42}},"20":{"start":{"line":39,"column":4},"end":{"line":39,"column":20}},"21":{"start":{"line":40,"column":4},"end":{"line":40,"column":30}},"22":{"start":{"line":41,"column":4},"end":{"line":41,"column":26}},"23":{"start":{"line":42,"column":4},"end":{"line":42,"column":20}},"24":{"start":{"line":46,"column":2},"end":{"line":57,"column":26}},"25":{"start":{"line":47,"column":31},"end":{"line":51,"column":5}},"26":{"start":{"line":48,"column":6},"end":{"line":50,"column":7}},"27":{"start":{"line":49,"column":8},"end":{"line":49,"column":34}},"28":{"start":{"line":53,"column":4},"end":{"line":53,"column":63}},"29":{"start":{"line":54,"column":4},"end":{"line":56,"column":6}},"30":{"start":{"line":55,"column":6},"end":{"line":55,"column":68}},"31":{"start":{"line":59,"column":2},"end":{"line":100,"column":4}},"32":{"start":{"line":68,"column":10},"end":{"line":71,"column":11}},"33":{"start":{"line":69,"column":12},"end":{"line":69,"column":41}},"34":{"start":{"line":70,"column":12},"end":{"line":70,"column":37}},"35":{"start":{"line":81,"column":14},"end":{"line":87,"column":19}}},"fnMap":{"0":{"name":"(anonymous_0)","decl":{"start":{"line":5,"column":19},"end":{"line":5,"column":20}},"loc":{"start":{"line":5,"column":71},"end":{"line":101,"column":1}},"line":5},"1":{"name":"(anonymous_1)","decl":{"start":{"line":11,"column":29},"end":{"line":11,"column":30}},"loc":{"start":{"line":11,"column":40},"end":{"line":35,"column":3}},"line":11},"2":{"name":"(anonymous_2)","decl":{"start":{"line":14,"column":65},"end":{"line":14,"column":66}},"loc":{"start":{"line":14,"column":79},"end":{"line":16,"column":5}},"line":14},"3":{"name":"(anonymous_3)","decl":{"start":{"line":37,"column":28},"end":{"line":37,"column":29}},"loc":{"start":{"line":37,"column":39},"end":{"line":43,"column":3}},"line":37},"4":{"name":"(anonymous_4)","decl":{"start":{"line":46,"column":12},"end":{"line":46,"column":13}},"loc":{"start":{"line":46,"column":18},"end":{"line":57,"column":3}},"line":46},"5":{"name":"(anonymous_5)","decl":{"start":{"line":47,"column":31},"end":{"line":47,"column":32}},"loc":{"start":{"line":47,"column":42},"end":{"line":51,"column":5}},"line":47},"6":{"name":"(anonymous_6)","decl":{"start":{"line":54,"column":11},"end":{"line":54,"column":12}},"loc":{"start":{"line":54,"column":17},"end":{"line":56,"column":5}},"line":54},"7":{"name":"(anonymous_7)","decl":{"start":{"line":66,"column":17},"end":{"line":66,"column":18}},"loc":{"start":{"line":66,"column":23},"end":{"line":72,"column":9}},"line":66},"8":{"name":"(anonymous_8)","decl":{"start":{"line":80,"column":29},"end":{"line":80,"column":30}},"loc":{"start":{"line":81,"column":14},"end":{"line":87,"column":19}},"line":81}},"branchMap":{"0":{"loc":{"start":{"line":14,"column":30},"end":{"line":16,"column":28}},"type":"cond-expr","locations":[{"start":{"line":14,"column":45},"end":{"line":16,"column":6}},{"start":{"line":16,"column":9},"end":{"line":16,"column":28}}],"line":14},"1":{"loc":{"start":{"line":21,"column":4},"end":{"line":25,"column":5}},"type":"if","locations":[{"start":{"line":21,"column":4},"end":{"line":25,"column":5}},{"start":{"line":23,"column":11},"end":{"line":25,"column":5}}],"line":21},"2":{"loc":{"start":{"line":28,"column":4},"end":{"line":32,"column":5}},"type":"if","locations":[{"start":{"line":28,"column":4},"end":{"line":32,"column":5}},{"start":{"line":30,"column":11},"end":{"line":32,"column":5}}],"line":28},"3":{"loc":{"start":{"line":48,"column":6},"end":{"line":50,"column":7}},"type":"if","locations":[{"start":{"line":48,"column":6},"end":{"line":50,"column":7}},{"start":{},"end":{}}],"line":48},"4":{"loc":{"start":{"line":48,"column":10},"end":{"line":48,"column":88}},"type":"binary-expr","locations":[{"start":{"line":48,"column":10},"end":{"line":48,"column":35}},{"start":{"line":48,"column":39},"end":{"line":48,"column":88}}],"line":48},"5":{"loc":{"start":{"line":68,"column":10},"end":{"line":71,"column":11}},"type":"if","locations":[{"start":{"line":68,"column":10},"end":{"line":71,"column":11}},{"start":{},"end":{}}],"line":68},"6":{"loc":{"start":{"line":77,"column":7},"end":{"line":98,"column":7}},"type":"binary-expr","locations":[{"start":{"line":77,"column":7},"end":{"line":77,"column":22}},{"start":{"line":78,"column":8},"end":{"line":97,"column":13}}],"line":77}},"s":{"0":3,"1":66,"2":66,"3":66,"4":66,"5":66,"6":38,"7":38,"8":570,"9":38,"10":38,"11":38,"12":1,"13":37,"14":38,"15":11,"16":27,"17":38,"18":66,"19":2,"20":2,"21":2,"22":2,"23":2,"24":66,"25":18,"26":10,"27":0,"28":18,"29":18,"30":18,"31":66,"32":7,"33":7,"34":7,"35":151},"f":{"0":66,"1":38,"2":570,"3":2,"4":18,"5":10,"6":18,"7":7,"8":151},"b":{"0":[38,0],"1":[1,37],"2":[11,27],"3":[0,10],"4":[10,2],"5":[7,0],"6":[66,44]},"_coverageSchema":"1a1c01bbd47fc00a2c39e90264f33305004495a9","hash":"d94e5273b0f20ec2d70be0cfe9bf717c928cc6aa"}
,"/Users/golf/Meetup/src/components/Event.jsx": {"path":"/Users/golf/Meetup/src/components/Event.jsx","statementMap":{"0":{"start":{"line":6,"column":14},"end":{"line":16,"column":3}},"1":{"start":{"line":7,"column":4},"end":{"line":15,"column":6}}},"fnMap":{"0":{"name":"(anonymous_0)","decl":{"start":{"line":6,"column":14},"end":{"line":6,"column":15}},"loc":{"start":{"line":6,"column":27},"end":{"line":16,"column":3}},"line":6}},"branchMap":{},"s":{"0":4,"1":291},"f":{"0":291},"b":{},"_coverageSchema":"1a1c01bbd47fc00a2c39e90264f33305004495a9","hash":"5c43b7193c5bcdcef6b8156cc9048e1073b8a0e9"}
,"/Users/golf/Meetup/src/components/EventList.jsx": {"path":"/Users/golf/Meetup/src/components/EventList.jsx","statementMap":{"0":{"start":{"line":5,"column":18},"end":{"line":13,"column":1}},"1":{"start":{"line":6,"column":1},"end":{"line":12,"column":3}},"2":{"start":{"line":9,"column":27},"end":{"line":9,"column":65}}},"fnMap":{"0":{"name":"(anonymous_0)","decl":{"start":{"line":5,"column":18},"end":{"line":5,"column":19}},"loc":{"start":{"line":5,"column":34},"end":{"line":13,"column":1}},"line":5},"1":{"name":"(anonymous_1)","decl":{"start":{"line":9,"column":18},"end":{"line":9,"column":19}},"loc":{"start":{"line":9,"column":27},"end":{"line":9,"column":65}},"line":9}},"branchMap":{"0":{"loc":{"start":{"line":8,"column":6},"end":{"line":10,"column":11}},"type":"cond-expr","locations":[{"start":{"line":9,"column":7},"end":{"line":9,"column":66}},{"start":{"line":10,"column":7},"end":{"line":10,"column":11}}],"line":8}},"s":{"0":3,"1":15,"2":286},"f":{"0":15,"1":286},"b":{"0":[13,2]},"_coverageSchema":"1a1c01bbd47fc00a2c39e90264f33305004495a9","hash":"09c0d7c83dcae6bbd74d03c62ba26daa06f387a0"}
,"/Users/golf/Meetup/src/components/NumberOfEvents.jsx": {"path":"/Users/golf/Meetup/src/components/NumberOfEvents.jsx","statementMap":{"0":{"start":{"line":4,"column":23},"end":{"line":44,"column":1}},"1":{"start":{"line":5,"column":32},"end":{"line":5,"column":52}},"2":{"start":{"line":7,"column":31},"end":{"line":30,"column":5}},"3":{"start":{"line":8,"column":22},"end":{"line":8,"column":40}},"4":{"start":{"line":11,"column":29},"end":{"line":11,"column":42}},"5":{"start":{"line":13,"column":8},"end":{"line":13,"column":25}},"6":{"start":{"line":16,"column":8},"end":{"line":29,"column":9}},"7":{"start":{"line":17,"column":12},"end":{"line":17,"column":50}},"8":{"start":{"line":18,"column":15},"end":{"line":29,"column":9}},"9":{"start":{"line":19,"column":12},"end":{"line":19,"column":59}},"10":{"start":{"line":20,"column":15},"end":{"line":29,"column":9}},"11":{"start":{"line":21,"column":12},"end":{"line":21,"column":61}},"12":{"start":{"line":22,"column":15},"end":{"line":29,"column":9}},"13":{"start":{"line":23,"column":12},"end":{"line":23,"column":57}},"14":{"start":{"line":27,"column":12},"end":{"line":27,"column":30}},"15":{"start":{"line":28,"column":12},"end":{"line":28,"column":40}},"16":{"start":{"line":32,"column":4},"end":{"line":43,"column":6}}},"fnMap":{"0":{"name":"(anonymous_0)","decl":{"start":{"line":4,"column":23},"end":{"line":4,"column":24}},"loc":{"start":{"line":4,"column":73},"end":{"line":44,"column":1}},"line":4},"1":{"name":"(anonymous_1)","decl":{"start":{"line":7,"column":31},"end":{"line":7,"column":32}},"loc":{"start":{"line":7,"column":42},"end":{"line":30,"column":5}},"line":7}},"branchMap":{"0":{"loc":{"start":{"line":16,"column":8},"end":{"line":29,"column":9}},"type":"if","locations":[{"start":{"line":16,"column":8},"end":{"line":29,"column":9}},{"start":{"line":18,"column":15},"end":{"line":29,"column":9}}],"line":16},"1":{"loc":{"start":{"line":18,"column":15},"end":{"line":29,"column":9}},"type":"if","locations":[{"start":{"line":18,"column":15},"end":{"line":29,"column":9}},{"start":{"line":20,"column":15},"end":{"line":29,"column":9}}],"line":18},"2":{"loc":{"start":{"line":20,"column":15},"end":{"line":29,"column":9}},"type":"if","locations":[{"start":{"line":20,"column":15},"end":{"line":29,"column":9}},{"start":{"line":22,"column":15},"end":{"line":29,"column":9}}],"line":20},"3":{"loc":{"start":{"line":22,"column":15},"end":{"line":29,"column":9}},"type":"if","locations":[{"start":{"line":22,"column":15},"end":{"line":29,"column":9}},{"start":{"line":26,"column":8},"end":{"line":29,"column":9}}],"line":22}},"s":{"0":4,"1":47,"2":47,"3":28,"4":28,"5":28,"6":28,"7":6,"8":22,"9":6,"10":16,"11":1,"12":15,"13":1,"14":14,"15":14,"16":47},"f":{"0":47,"1":28},"b":{"0":[6,22],"1":[6,16],"2":[1,15],"3":[1,14]},"_coverageSchema":"1a1c01bbd47fc00a2c39e90264f33305004495a9","hash":"6a02fc0d51e6e0b20e0979730a5460261601f9cb"}
}
