{"/Users/honeywell/Meetup/src/App.jsx": {"path":"/Users/honeywell/Meetup/src/App.jsx","statementMap":{"0":{"start":{"line":11,"column":12},"end":{"line":96,"column":1}},"1":{"start":{"line":12,"column":30},"end":{"line":12,"column":42}},"2":{"start":{"line":13,"column":42},"end":{"line":13,"column":54}},"3":{"start":{"line":14,"column":40},"end":{"line":14,"column":66}},"4":{"start":{"line":15,"column":38},"end":{"line":15,"column":52}},"5":{"start":{"line":16,"column":36},"end":{"line":16,"column":48}},"6":{"start":{"line":17,"column":40},"end":{"line":17,"column":52}},"7":{"start":{"line":18,"column":38},"end":{"line":18,"column":50}},"8":{"start":{"line":19,"column":34},"end":{"line":19,"column":60}},"9":{"start":{"line":21,"column":29},"end":{"line":25,"column":3}},"10":{"start":{"line":22,"column":19},"end":{"line":22,"column":35}},"11":{"start":{"line":23,"column":4},"end":{"line":23,"column":24}},"12":{"start":{"line":24,"column":4},"end":{"line":24,"column":70}},"13":{"start":{"line":26,"column":2},"end":{"line":50,"column":32}},"14":{"start":{"line":27,"column":26},"end":{"line":39,"column":5}},"15":{"start":{"line":28,"column":6},"end":{"line":38,"column":7}},"16":{"start":{"line":29,"column":26},"end":{"line":29,"column":43}},"17":{"start":{"line":30,"column":31},"end":{"line":32,"column":69}},"18":{"start":{"line":32,"column":38},"end":{"line":32,"column":68}},"19":{"start":{"line":34,"column":8},"end":{"line":34,"column":55}},"20":{"start":{"line":35,"column":8},"end":{"line":35,"column":53}},"21":{"start":{"line":37,"column":8},"end":{"line":37,"column":55}},"22":{"start":{"line":41,"column":4},"end":{"line":41,"column":25}},"23":{"start":{"line":42,"column":4},"end":{"line":42,"column":20}},"24":{"start":{"line":43,"column":4},"end":{"line":43,"column":58}},"25":{"start":{"line":44,"column":4},"end":{"line":44,"column":59}},"26":{"start":{"line":46,"column":4},"end":{"line":49,"column":6}},"27":{"start":{"line":47,"column":6},"end":{"line":47,"column":63}},"28":{"start":{"line":48,"column":6},"end":{"line":48,"column":64}},"29":{"start":{"line":52,"column":2},"end":{"line":95,"column":4}}},"fnMap":{"0":{"name":"(anonymous_0)","decl":{"start":{"line":11,"column":12},"end":{"line":11,"column":13}},"loc":{"start":{"line":11,"column":18},"end":{"line":96,"column":1}},"line":11},"1":{"name":"(anonymous_1)","decl":{"start":{"line":21,"column":29},"end":{"line":21,"column":30}},"loc":{"start":{"line":21,"column":35},"end":{"line":25,"column":3}},"line":21},"2":{"name":"(anonymous_2)","decl":{"start":{"line":26,"column":12},"end":{"line":26,"column":13}},"loc":{"start":{"line":26,"column":18},"end":{"line":50,"column":3}},"line":26},"3":{"name":"(anonymous_3)","decl":{"start":{"line":27,"column":26},"end":{"line":27,"column":27}},"loc":{"start":{"line":27,"column":38},"end":{"line":39,"column":5}},"line":27},"4":{"name":"(anonymous_4)","decl":{"start":{"line":32,"column":29},"end":{"line":32,"column":30}},"loc":{"start":{"line":32,"column":38},"end":{"line":32,"column":68}},"line":32},"5":{"name":"(anonymous_5)","decl":{"start":{"line":46,"column":11},"end":{"line":46,"column":12}},"loc":{"start":{"line":46,"column":17},"end":{"line":49,"column":5}},"line":46}},"branchMap":{"0":{"loc":{"start":{"line":24,"column":18},"end":{"line":24,"column":68}},"type":"cond-expr","locations":[{"start":{"line":24,"column":27},"end":{"line":24,"column":29}},{"start":{"line":24,"column":32},"end":{"line":24,"column":68}}],"line":24},"1":{"loc":{"start":{"line":30,"column":31},"end":{"line":32,"column":69}},"type":"cond-expr","locations":[{"start":{"line":31,"column":12},"end":{"line":31,"column":21}},{"start":{"line":32,"column":12},"end":{"line":32,"column":69}}],"line":30},"2":{"loc":{"start":{"line":57,"column":9},"end":{"line":57,"column":67}},"type":"cond-expr","locations":[{"start":{"line":57,"column":29},"end":{"line":57,"column":60}},{"start":{"line":57,"column":63},"end":{"line":57,"column":67}}],"line":57},"3":{"loc":{"start":{"line":68,"column":9},"end":{"line":68,"column":64}},"type":"cond-expr","locations":[{"start":{"line":68,"column":28},"end":{"line":68,"column":57}},{"start":{"line":68,"column":60},"end":{"line":68,"column":64}}],"line":68},"4":{"loc":{"start":{"line":76,"column":9},"end":{"line":76,"column":63}},"type":"cond-expr","locations":[{"start":{"line":76,"column":23},"end":{"line":76,"column":56}},{"start":{"line":76,"column":59},"end":{"line":76,"column":63}}],"line":76}},"s":{"0":6,"1":20,"2":14,"3":14,"4":14,"5":14,"6":14,"7":14,"8":14,"9":14,"10":14,"11":14,"12":14,"13":14,"14":14,"15":14,"16":14,"17":14,"18":0,"19":14,"20":14,"21":0,"22":14,"23":14,"24":14,"25":14,"26":14,"27":14,"28":14,"29":14},"f":{"0":20,"1":14,"2":14,"3":14,"4":0,"5":14},"b":{"0":[14,0],"1":[14,0],"2":[0,14],"3":[0,14],"4":[0,14]},"_coverageSchema":"1a1c01bbd47fc00a2c39e90264f33305004495a9","hash":"2c4fe028bd32f57a6a514e2c51d75ed3f8459739"}
,"/Users/honeywell/Meetup/src/api.js": {"path":"/Users/honeywell/Meetup/src/api.js","statementMap":{"0":{"start":{"line":5,"column":30},"end":{"line":27,"column":1}},"1":{"start":{"line":6,"column":22},"end":{"line":6,"column":58}},"2":{"start":{"line":7,"column":21},"end":{"line":7,"column":67}},"3":{"start":{"line":10,"column":2},"end":{"line":23,"column":3}},"4":{"start":{"line":11,"column":4},"end":{"line":11,"column":50}},"5":{"start":{"line":12,"column":25},"end":{"line":12,"column":68}},"6":{"start":{"line":13,"column":17},"end":{"line":13,"column":47}},"7":{"start":{"line":14,"column":4},"end":{"line":21,"column":5}},"8":{"start":{"line":15,"column":23},"end":{"line":17,"column":7}},"9":{"start":{"line":18,"column":21},"end":{"line":18,"column":42}},"10":{"start":{"line":19,"column":26},"end":{"line":19,"column":32}},"11":{"start":{"line":20,"column":6},"end":{"line":20,"column":46}},"12":{"start":{"line":22,"column":4},"end":{"line":22,"column":34}},"13":{"start":{"line":24,"column":2},"end":{"line":24,"column":21}},"14":{"start":{"line":37,"column":32},"end":{"line":41,"column":1}},"15":{"start":{"line":38,"column":29},"end":{"line":38,"column":66}},"16":{"start":{"line":38,"column":51},"end":{"line":38,"column":65}},"17":{"start":{"line":39,"column":20},"end":{"line":39,"column":52}},"18":{"start":{"line":40,"column":2},"end":{"line":40,"column":19}},"19":{"start":{"line":44,"column":19},"end":{"line":50,"column":2}},"20":{"start":{"line":45,"column":19},"end":{"line":47,"column":3}},"21":{"start":{"line":48,"column":17},"end":{"line":48,"column":38}},"22":{"start":{"line":49,"column":2},"end":{"line":49,"column":16}},"23":{"start":{"line":52,"column":21},"end":{"line":65,"column":2}},"24":{"start":{"line":54,"column":2},"end":{"line":64,"column":3}},"25":{"start":{"line":55,"column":4},"end":{"line":59,"column":31}},"26":{"start":{"line":60,"column":4},"end":{"line":60,"column":45}},"27":{"start":{"line":62,"column":4},"end":{"line":62,"column":68}},"28":{"start":{"line":63,"column":4},"end":{"line":63,"column":45}},"29":{"start":{"line":72,"column":25},"end":{"line":97,"column":1}},"30":{"start":{"line":73,"column":2},"end":{"line":75,"column":3}},"31":{"start":{"line":74,"column":4},"end":{"line":74,"column":20}},"32":{"start":{"line":76,"column":2},"end":{"line":80,"column":3}},"33":{"start":{"line":77,"column":19},"end":{"line":77,"column":53}},"34":{"start":{"line":78,"column":4},"end":{"line":78,"column":21}},"35":{"start":{"line":79,"column":4},"end":{"line":79,"column":40}},"36":{"start":{"line":81,"column":16},"end":{"line":81,"column":38}},"37":{"start":{"line":82,"column":2},"end":{"line":95,"column":1}},"38":{"start":{"line":83,"column":4},"end":{"line":83,"column":18}},"39":{"start":{"line":84,"column":17},"end":{"line":84,"column":115}},"40":{"start":{"line":85,"column":21},"end":{"line":85,"column":37}},"41":{"start":{"line":86,"column":19},"end":{"line":86,"column":40}},"42":{"start":{"line":88,"column":2},"end":{"line":94,"column":3}},"43":{"start":{"line":89,"column":4},"end":{"line":89,"column":21}},"44":{"start":{"line":90,"column":4},"end":{"line":90,"column":70}},"45":{"start":{"line":91,"column":4},"end":{"line":91,"column":25}},"46":{"start":{"line":93,"column":4},"end":{"line":93,"column":16}},"47":{"start":{"line":96,"column":0},"end":{"line":96,"column":12}},"48":{"start":{"line":99,"column":17},"end":{"line":113,"column":2}},"49":{"start":{"line":100,"column":2},"end":{"line":112,"column":3}},"50":{"start":{"line":101,"column":23},"end":{"line":101,"column":47}},"51":{"start":{"line":103,"column":21},"end":{"line":103,"column":124}},"52":{"start":{"line":104,"column":4},"end":{"line":106,"column":5}},"53":{"start":{"line":105,"column":6},"end":{"line":105,"column":63}},"54":{"start":{"line":107,"column":29},"end":{"line":107,"column":50}},"55":{"start":{"line":108,"column":4},"end":{"line":108,"column":71}},"56":{"start":{"line":109,"column":4},"end":{"line":109,"column":24}},"57":{"start":{"line":111,"column":4},"end":{"line":111,"column":17}}},"fnMap":{"0":{"name":"(anonymous_0)","decl":{"start":{"line":5,"column":30},"end":{"line":5,"column":31}},"loc":{"start":{"line":5,"column":42},"end":{"line":27,"column":1}},"line":5},"1":{"name":"(anonymous_1)","decl":{"start":{"line":37,"column":32},"end":{"line":37,"column":33}},"loc":{"start":{"line":37,"column":44},"end":{"line":41,"column":1}},"line":37},"2":{"name":"(anonymous_2)","decl":{"start":{"line":38,"column":40},"end":{"line":38,"column":41}},"loc":{"start":{"line":38,"column":51},"end":{"line":38,"column":65}},"line":38},"3":{"name":"(anonymous_3)","decl":{"start":{"line":44,"column":19},"end":{"line":44,"column":20}},"loc":{"start":{"line":44,"column":42},"end":{"line":50,"column":2}},"line":44},"4":{"name":"(anonymous_4)","decl":{"start":{"line":52,"column":21},"end":{"line":52,"column":22}},"loc":{"start":{"line":52,"column":27},"end":{"line":65,"column":2}},"line":52},"5":{"name":"(anonymous_5)","decl":{"start":{"line":72,"column":25},"end":{"line":72,"column":26}},"loc":{"start":{"line":72,"column":37},"end":{"line":97,"column":1}},"line":72},"6":{"name":"(anonymous_6)","decl":{"start":{"line":99,"column":17},"end":{"line":99,"column":18}},"loc":{"start":{"line":99,"column":33},"end":{"line":113,"column":2}},"line":99}},"branchMap":{"0":{"loc":{"start":{"line":7,"column":21},"end":{"line":7,"column":67}},"type":"binary-expr","locations":[{"start":{"line":7,"column":21},"end":{"line":7,"column":32}},{"start":{"line":7,"column":37},"end":{"line":7,"column":66}}],"line":7},"1":{"loc":{"start":{"line":10,"column":2},"end":{"line":23,"column":3}},"type":"if","locations":[{"start":{"line":10,"column":2},"end":{"line":23,"column":3}},{"start":{},"end":{}}],"line":10},"2":{"loc":{"start":{"line":10,"column":6},"end":{"line":10,"column":38}},"type":"binary-expr","locations":[{"start":{"line":10,"column":6},"end":{"line":10,"column":18}},{"start":{"line":10,"column":22},"end":{"line":10,"column":38}}],"line":10},"3":{"loc":{"start":{"line":14,"column":4},"end":{"line":21,"column":5}},"type":"if","locations":[{"start":{"line":14,"column":4},"end":{"line":21,"column":5}},{"start":{},"end":{}}],"line":14},"4":{"loc":{"start":{"line":22,"column":11},"end":{"line":22,"column":33}},"type":"binary-expr","locations":[{"start":{"line":22,"column":11},"end":{"line":22,"column":15}},{"start":{"line":22,"column":19},"end":{"line":22,"column":33}}],"line":22},"5":{"loc":{"start":{"line":54,"column":2},"end":{"line":64,"column":3}},"type":"if","locations":[{"start":{"line":54,"column":2},"end":{"line":64,"column":3}},{"start":{"line":61,"column":9},"end":{"line":64,"column":3}}],"line":54},"6":{"loc":{"start":{"line":54,"column":6},"end":{"line":54,"column":58}},"type":"binary-expr","locations":[{"start":{"line":54,"column":6},"end":{"line":54,"column":30}},{"start":{"line":54,"column":34},"end":{"line":54,"column":58}}],"line":54},"7":{"loc":{"start":{"line":73,"column":2},"end":{"line":75,"column":3}},"type":"if","locations":[{"start":{"line":73,"column":2},"end":{"line":75,"column":3}},{"start":{},"end":{}}],"line":73},"8":{"loc":{"start":{"line":76,"column":2},"end":{"line":80,"column":3}},"type":"if","locations":[{"start":{"line":76,"column":2},"end":{"line":80,"column":3}},{"start":{},"end":{}}],"line":76},"9":{"loc":{"start":{"line":79,"column":11},"end":{"line":79,"column":39}},"type":"cond-expr","locations":[{"start":{"line":79,"column":18},"end":{"line":79,"column":36}},{"start":{"line":79,"column":37},"end":{"line":79,"column":39}}],"line":79},"10":{"loc":{"start":{"line":82,"column":2},"end":{"line":95,"column":1}},"type":"if","locations":[{"start":{"line":82,"column":2},"end":{"line":95,"column":1}},{"start":{},"end":{}}],"line":82},"11":{"loc":{"start":{"line":88,"column":2},"end":{"line":94,"column":3}},"type":"if","locations":[{"start":{"line":88,"column":2},"end":{"line":94,"column":3}},{"start":{"line":92,"column":9},"end":{"line":94,"column":3}}],"line":88},"12":{"loc":{"start":{"line":104,"column":4},"end":{"line":106,"column":5}},"type":"if","locations":[{"start":{"line":104,"column":4},"end":{"line":106,"column":5}},{"start":{},"end":{}}],"line":104},"13":{"loc":{"start":{"line":108,"column":4},"end":{"line":108,"column":70}},"type":"binary-expr","locations":[{"start":{"line":108,"column":4},"end":{"line":108,"column":16}},{"start":{"line":108,"column":20},"end":{"line":108,"column":70}}],"line":108}},"s":{"0":6,"1":0,"2":0,"3":0,"4":0,"5":0,"6":0,"7":0,"8":0,"9":0,"10":0,"11":0,"12":0,"13":0,"14":6,"15":17,"16":1241,"17":17,"18":17,"19":6,"20":0,"21":0,"22":0,"23":6,"24":0,"25":0,"26":0,"27":0,"28":0,"29":6,"30":18,"31":18,"32":0,"33":0,"34":0,"35":0,"36":0,"37":0,"38":0,"39":0,"40":0,"41":0,"42":0,"43":0,"44":0,"45":0,"46":0,"47":0,"48":6,"49":0,"50":0,"51":0,"52":0,"53":0,"54":0,"55":0,"56":0,"57":0},"f":{"0":0,"1":17,"2":1241,"3":0,"4":0,"5":18,"6":0},"b":{"0":[0,0],"1":[0,0],"2":[0,0],"3":[0,0],"4":[0,0],"5":[0,0],"6":[0,0],"7":[18,0],"8":[0,0],"9":[0,0],"10":[0,0],"11":[0,0],"12":[0,0],"13":[0,0]},"_coverageSchema":"1a1c01bbd47fc00a2c39e90264f33305004495a9","hash":"2d453388f7dda78e41e37e2e7f7d31464862ac53"}
,"/Users/honeywell/Meetup/src/mock-data.js": {"path":"/Users/honeywell/Meetup/src/mock-data.js","statementMap":{"0":{"start":{"line":1,"column":17},"end":{"line":3779,"column":5}}},"fnMap":{},"branchMap":{},"s":{"0":7},"f":{},"b":{},"_coverageSchema":"1a1c01bbd47fc00a2c39e90264f33305004495a9","hash":"c2e8fd2b0dadfae80a454394fbf4ca1f2c3f93e2"}
,"/Users/honeywell/Meetup/src/components/Alert.jsx": {"path":"/Users/honeywell/Meetup/src/components/Alert.jsx","statementMap":{"0":{"start":{"line":7,"column":4},"end":{"line":7,"column":17}},"1":{"start":{"line":8,"column":4},"end":{"line":8,"column":22}},"2":{"start":{"line":9,"column":4},"end":{"line":9,"column":24}},"3":{"start":{"line":12,"column":13},"end":{"line":26,"column":3}},"4":{"start":{"line":13,"column":4},"end":{"line":25,"column":6}},"5":{"start":{"line":29,"column":4},"end":{"line":33,"column":6}},"6":{"start":{"line":39,"column":4},"end":{"line":39,"column":17}},"7":{"start":{"line":40,"column":4},"end":{"line":40,"column":35}},"8":{"start":{"line":41,"column":4},"end":{"line":41,"column":40}},"9":{"start":{"line":47,"column":4},"end":{"line":47,"column":17}},"10":{"start":{"line":48,"column":4},"end":{"line":48,"column":34}},"11":{"start":{"line":49,"column":4},"end":{"line":49,"column":40}},"12":{"start":{"line":55,"column":4},"end":{"line":55,"column":17}},"13":{"start":{"line":56,"column":4},"end":{"line":56,"column":37}},"14":{"start":{"line":57,"column":4},"end":{"line":57,"column":39}}},"fnMap":{"0":{"name":"(anonymous_0)","decl":{"start":{"line":6,"column":2},"end":{"line":6,"column":3}},"loc":{"start":{"line":6,"column":21},"end":{"line":10,"column":3}},"line":6},"1":{"name":"(anonymous_1)","decl":{"start":{"line":12,"column":13},"end":{"line":12,"column":14}},"loc":{"start":{"line":12,"column":19},"end":{"line":26,"column":3}},"line":12},"2":{"name":"(anonymous_2)","decl":{"start":{"line":28,"column":2},"end":{"line":28,"column":3}},"loc":{"start":{"line":28,"column":11},"end":{"line":34,"column":3}},"line":28},"3":{"name":"(anonymous_3)","decl":{"start":{"line":38,"column":2},"end":{"line":38,"column":3}},"loc":{"start":{"line":38,"column":21},"end":{"line":42,"column":3}},"line":38},"4":{"name":"(anonymous_4)","decl":{"start":{"line":46,"column":2},"end":{"line":46,"column":3}},"loc":{"start":{"line":46,"column":21},"end":{"line":50,"column":3}},"line":46},"5":{"name":"(anonymous_5)","decl":{"start":{"line":54,"column":2},"end":{"line":54,"column":3}},"loc":{"start":{"line":54,"column":21},"end":{"line":58,"column":3}},"line":54}},"branchMap":{},"s":{"0":3,"1":3,"2":3,"3":3,"4":3,"5":3,"6":1,"7":1,"8":1,"9":1,"10":1,"11":1,"12":1,"13":1,"14":1},"f":{"0":3,"1":3,"2":3,"3":1,"4":1,"5":1},"b":{},"_coverageSchema":"1a1c01bbd47fc00a2c39e90264f33305004495a9","hash":"afee3e6148f176ca0ac21b04d1582cf5717af01e"}
,"/Users/honeywell/Meetup/src/components/Button.jsx": {"path":"/Users/honeywell/Meetup/src/components/Button.jsx","statementMap":{"0":{"start":{"line":4,"column":15},"end":{"line":19,"column":1}},"1":{"start":{"line":5,"column":32},"end":{"line":5,"column":46}},"2":{"start":{"line":7,"column":24},"end":{"line":9,"column":3}},"3":{"start":{"line":8,"column":4},"end":{"line":8,"column":46}},"4":{"start":{"line":8,"column":32},"end":{"line":8,"column":44}},"5":{"start":{"line":11,"column":2},"end":{"line":18,"column":4}}},"fnMap":{"0":{"name":"(anonymous_0)","decl":{"start":{"line":4,"column":15},"end":{"line":4,"column":16}},"loc":{"start":{"line":4,"column":30},"end":{"line":19,"column":1}},"line":4},"1":{"name":"(anonymous_1)","decl":{"start":{"line":7,"column":24},"end":{"line":7,"column":25}},"loc":{"start":{"line":7,"column":30},"end":{"line":9,"column":3}},"line":7},"2":{"name":"(anonymous_2)","decl":{"start":{"line":8,"column":15},"end":{"line":8,"column":16}},"loc":{"start":{"line":8,"column":32},"end":{"line":8,"column":44}},"line":8}},"branchMap":{"0":{"loc":{"start":{"line":13,"column":13},"end":{"line":13,"column":81}},"type":"cond-expr","locations":[{"start":{"line":13,"column":23},"end":{"line":13,"column":27}},{"start":{"line":13,"column":30},"end":{"line":13,"column":81}}],"line":13},"1":{"loc":{"start":{"line":15,"column":9},"end":{"line":15,"column":50}},"type":"cond-expr","locations":[{"start":{"line":15,"column":19},"end":{"line":15,"column":33}},{"start":{"line":15,"column":36},"end":{"line":15,"column":50}}],"line":15}},"s":{"0":8,"1":82,"2":82,"3":2,"4":2,"5":82},"f":{"0":82,"1":2,"2":2},"b":{"0":[81,1],"1":[81,1]},"_coverageSchema":"1a1c01bbd47fc00a2c39e90264f33305004495a9","hash":"67af0a51ad3883f3c0078f43f862fae2ac76ac51"}
,"/Users/honeywell/Meetup/src/components/CityEventsChart.jsx": {"path":"/Users/honeywell/Meetup/src/components/CityEventsChart.jsx","statementMap":{"0":{"start":{"line":14,"column":24},"end":{"line":53,"column":1}},"1":{"start":{"line":15,"column":26},"end":{"line":15,"column":38}},"2":{"start":{"line":17,"column":2},"end":{"line":19,"column":20}},"3":{"start":{"line":18,"column":4},"end":{"line":18,"column":23}},"4":{"start":{"line":21,"column":18},"end":{"line":28,"column":3}},"5":{"start":{"line":22,"column":17},"end":{"line":26,"column":6}},"6":{"start":{"line":23,"column":26},"end":{"line":23,"column":86}},"7":{"start":{"line":23,"column":51},"end":{"line":23,"column":78}},"8":{"start":{"line":24,"column":19},"end":{"line":24,"column":48}},"9":{"start":{"line":25,"column":6},"end":{"line":25,"column":35}},"10":{"start":{"line":27,"column":4},"end":{"line":27,"column":16}},"11":{"start":{"line":30,"column":2},"end":{"line":52,"column":4}}},"fnMap":{"0":{"name":"(anonymous_0)","decl":{"start":{"line":14,"column":24},"end":{"line":14,"column":25}},"loc":{"start":{"line":14,"column":54},"end":{"line":53,"column":1}},"line":14},"1":{"name":"(anonymous_1)","decl":{"start":{"line":17,"column":12},"end":{"line":17,"column":13}},"loc":{"start":{"line":17,"column":18},"end":{"line":19,"column":3}},"line":17},"2":{"name":"(anonymous_2)","decl":{"start":{"line":21,"column":18},"end":{"line":21,"column":19}},"loc":{"start":{"line":21,"column":24},"end":{"line":28,"column":3}},"line":21},"3":{"name":"(anonymous_3)","decl":{"start":{"line":22,"column":34},"end":{"line":22,"column":35}},"loc":{"start":{"line":22,"column":48},"end":{"line":26,"column":5}},"line":22},"4":{"name":"(anonymous_4)","decl":{"start":{"line":23,"column":40},"end":{"line":23,"column":41}},"loc":{"start":{"line":23,"column":51},"end":{"line":23,"column":78}},"line":23}},"branchMap":{},"s":{"0":6,"1":14,"2":14,"3":14,"4":14,"5":14,"6":0,"7":0,"8":0,"9":0,"10":14,"11":14},"f":{"0":14,"1":14,"2":14,"3":0,"4":0},"b":{},"_coverageSchema":"1a1c01bbd47fc00a2c39e90264f33305004495a9","hash":"a178c19e28263aeefbd43b37783c41afbb8694e5"}
,"/Users/honeywell/Meetup/src/components/CitySearch.jsx": {"path":"/Users/honeywell/Meetup/src/components/CitySearch.jsx","statementMap":{"0":{"start":{"line":5,"column":19},"end":{"line":106,"column":1}},"1":{"start":{"line":6,"column":28},"end":{"line":6,"column":49}},"2":{"start":{"line":8,"column":48},"end":{"line":8,"column":63}},"3":{"start":{"line":9,"column":40},"end":{"line":9,"column":62}},"4":{"start":{"line":10,"column":28},"end":{"line":10,"column":40}},"5":{"start":{"line":11,"column":38},"end":{"line":11,"column":50}},"6":{"start":{"line":16,"column":29},"end":{"line":40,"column":3}},"7":{"start":{"line":17,"column":18},"end":{"line":17,"column":36}},"8":{"start":{"line":18,"column":30},"end":{"line":20,"column":28}},"9":{"start":{"line":19,"column":6},"end":{"line":19,"column":70}},"10":{"start":{"line":22,"column":4},"end":{"line":22,"column":19}},"11":{"start":{"line":23,"column":4},"end":{"line":23,"column":38}},"12":{"start":{"line":25,"column":4},"end":{"line":29,"column":5}},"13":{"start":{"line":26,"column":6},"end":{"line":26,"column":32}},"14":{"start":{"line":28,"column":6},"end":{"line":28,"column":30}},"15":{"start":{"line":32,"column":4},"end":{"line":36,"column":5}},"16":{"start":{"line":33,"column":6},"end":{"line":33,"column":62}},"17":{"start":{"line":35,"column":6},"end":{"line":35,"column":19}},"18":{"start":{"line":37,"column":4},"end":{"line":37,"column":27}},"19":{"start":{"line":38,"column":4},"end":{"line":38,"column":26}},"20":{"start":{"line":42,"column":28},"end":{"line":48,"column":3}},"21":{"start":{"line":43,"column":18},"end":{"line":43,"column":42}},"22":{"start":{"line":44,"column":4},"end":{"line":44,"column":19}},"23":{"start":{"line":45,"column":4},"end":{"line":45,"column":30}},"24":{"start":{"line":46,"column":4},"end":{"line":46,"column":26}},"25":{"start":{"line":47,"column":4},"end":{"line":47,"column":22}},"26":{"start":{"line":51,"column":2},"end":{"line":62,"column":26}},"27":{"start":{"line":52,"column":31},"end":{"line":56,"column":5}},"28":{"start":{"line":53,"column":6},"end":{"line":55,"column":7}},"29":{"start":{"line":54,"column":8},"end":{"line":54,"column":34}},"30":{"start":{"line":58,"column":4},"end":{"line":58,"column":63}},"31":{"start":{"line":59,"column":4},"end":{"line":61,"column":6}},"32":{"start":{"line":60,"column":6},"end":{"line":60,"column":68}},"33":{"start":{"line":64,"column":2},"end":{"line":105,"column":4}},"34":{"start":{"line":73,"column":10},"end":{"line":76,"column":11}},"35":{"start":{"line":74,"column":12},"end":{"line":74,"column":41}},"36":{"start":{"line":75,"column":12},"end":{"line":75,"column":37}},"37":{"start":{"line":86,"column":14},"end":{"line":92,"column":19}}},"fnMap":{"0":{"name":"(anonymous_0)","decl":{"start":{"line":5,"column":19},"end":{"line":5,"column":20}},"loc":{"start":{"line":5,"column":85},"end":{"line":106,"column":1}},"line":5},"1":{"name":"(anonymous_1)","decl":{"start":{"line":16,"column":29},"end":{"line":16,"column":30}},"loc":{"start":{"line":16,"column":40},"end":{"line":40,"column":3}},"line":16},"2":{"name":"(anonymous_2)","decl":{"start":{"line":18,"column":65},"end":{"line":18,"column":66}},"loc":{"start":{"line":18,"column":79},"end":{"line":20,"column":5}},"line":18},"3":{"name":"(anonymous_3)","decl":{"start":{"line":42,"column":28},"end":{"line":42,"column":29}},"loc":{"start":{"line":42,"column":39},"end":{"line":48,"column":3}},"line":42},"4":{"name":"(anonymous_4)","decl":{"start":{"line":51,"column":12},"end":{"line":51,"column":13}},"loc":{"start":{"line":51,"column":18},"end":{"line":62,"column":3}},"line":51},"5":{"name":"(anonymous_5)","decl":{"start":{"line":52,"column":31},"end":{"line":52,"column":32}},"loc":{"start":{"line":52,"column":42},"end":{"line":56,"column":5}},"line":52},"6":{"name":"(anonymous_6)","decl":{"start":{"line":59,"column":11},"end":{"line":59,"column":12}},"loc":{"start":{"line":59,"column":17},"end":{"line":61,"column":5}},"line":59},"7":{"name":"(anonymous_7)","decl":{"start":{"line":71,"column":17},"end":{"line":71,"column":18}},"loc":{"start":{"line":71,"column":23},"end":{"line":77,"column":9}},"line":71},"8":{"name":"(anonymous_8)","decl":{"start":{"line":85,"column":29},"end":{"line":85,"column":30}},"loc":{"start":{"line":86,"column":14},"end":{"line":92,"column":19}},"line":86}},"branchMap":{"0":{"loc":{"start":{"line":18,"column":30},"end":{"line":20,"column":28}},"type":"cond-expr","locations":[{"start":{"line":18,"column":45},"end":{"line":20,"column":6}},{"start":{"line":20,"column":9},"end":{"line":20,"column":28}}],"line":18},"1":{"loc":{"start":{"line":25,"column":4},"end":{"line":29,"column":5}},"type":"if","locations":[{"start":{"line":25,"column":4},"end":{"line":29,"column":5}},{"start":{"line":27,"column":11},"end":{"line":29,"column":5}}],"line":25},"2":{"loc":{"start":{"line":32,"column":4},"end":{"line":36,"column":5}},"type":"if","locations":[{"start":{"line":32,"column":4},"end":{"line":36,"column":5}},{"start":{"line":34,"column":11},"end":{"line":36,"column":5}}],"line":32},"3":{"loc":{"start":{"line":53,"column":6},"end":{"line":55,"column":7}},"type":"if","locations":[{"start":{"line":53,"column":6},"end":{"line":55,"column":7}},{"start":{},"end":{}}],"line":53},"4":{"loc":{"start":{"line":53,"column":10},"end":{"line":53,"column":88}},"type":"binary-expr","locations":[{"start":{"line":53,"column":10},"end":{"line":53,"column":35}},{"start":{"line":53,"column":39},"end":{"line":53,"column":88}}],"line":53},"5":{"loc":{"start":{"line":73,"column":10},"end":{"line":76,"column":11}},"type":"if","locations":[{"start":{"line":73,"column":10},"end":{"line":76,"column":11}},{"start":{},"end":{}}],"line":73},"6":{"loc":{"start":{"line":82,"column":7},"end":{"line":103,"column":7}},"type":"binary-expr","locations":[{"start":{"line":82,"column":7},"end":{"line":82,"column":22}},{"start":{"line":83,"column":8},"end":{"line":102,"column":13}}],"line":82}},"s":{"0":6,"1":56,"2":56,"3":56,"4":56,"5":56,"6":56,"7":32,"8":32,"9":512,"10":32,"11":32,"12":32,"13":1,"14":31,"15":32,"16":11,"17":21,"18":32,"19":32,"20":56,"21":1,"22":1,"23":1,"24":1,"25":1,"26":56,"27":23,"28":6,"29":0,"30":23,"31":23,"32":23,"33":56,"34":5,"35":0,"36":0,"37":35},"f":{"0":56,"1":32,"2":512,"3":1,"4":23,"5":6,"6":23,"7":5,"8":35},"b":{"0":[32,0],"1":[1,31],"2":[11,21],"3":[0,6],"4":[6,1],"5":[0,0],"6":[56,31]},"_coverageSchema":"1a1c01bbd47fc00a2c39e90264f33305004495a9","hash":"6fda36bd8b42ba824f200c1d6be81d23cf8963e3"}
,"/Users/honeywell/Meetup/src/components/Event.jsx": {"path":"/Users/honeywell/Meetup/src/components/Event.jsx","statementMap":{"0":{"start":{"line":6,"column":14},"end":{"line":16,"column":3}},"1":{"start":{"line":7,"column":4},"end":{"line":15,"column":6}}},"fnMap":{"0":{"name":"(anonymous_0)","decl":{"start":{"line":6,"column":14},"end":{"line":6,"column":15}},"loc":{"start":{"line":6,"column":27},"end":{"line":16,"column":3}},"line":6}},"branchMap":{},"s":{"0":7,"1":78},"f":{"0":78},"b":{},"_coverageSchema":"1a1c01bbd47fc00a2c39e90264f33305004495a9","hash":"4a8be00c164ec20151ca8739e7e5107aca646a95"}
,"/Users/honeywell/Meetup/src/components/EventGenresChart.jsx": {"path":"/Users/honeywell/Meetup/src/components/EventGenresChart.jsx","statementMap":{"0":{"start":{"line":5,"column":25},"end":{"line":40,"column":1}},"1":{"start":{"line":6,"column":26},"end":{"line":6,"column":38}},"2":{"start":{"line":7,"column":17},"end":{"line":7,"column":72}},"3":{"start":{"line":8,"column":17},"end":{"line":8,"column":68}},"4":{"start":{"line":9,"column":2},"end":{"line":11,"column":20}},"5":{"start":{"line":10,"column":4},"end":{"line":10,"column":23}},"6":{"start":{"line":14,"column":18},"end":{"line":20,"column":3}},"7":{"start":{"line":15,"column":17},"end":{"line":18,"column":6}},"8":{"start":{"line":16,"column":26},"end":{"line":16,"column":86}},"9":{"start":{"line":16,"column":51},"end":{"line":16,"column":78}},"10":{"start":{"line":17,"column":6},"end":{"line":17,"column":29}},"11":{"start":{"line":19,"column":4},"end":{"line":19,"column":16}},"12":{"start":{"line":21,"column":2},"end":{"line":39,"column":4}},"13":{"start":{"line":34,"column":14},"end":{"line":34,"column":81}}},"fnMap":{"0":{"name":"(anonymous_0)","decl":{"start":{"line":5,"column":25},"end":{"line":5,"column":26}},"loc":{"start":{"line":5,"column":55},"end":{"line":40,"column":1}},"line":5},"1":{"name":"(anonymous_1)","decl":{"start":{"line":9,"column":12},"end":{"line":9,"column":13}},"loc":{"start":{"line":9,"column":18},"end":{"line":11,"column":3}},"line":9},"2":{"name":"(anonymous_2)","decl":{"start":{"line":14,"column":18},"end":{"line":14,"column":19}},"loc":{"start":{"line":14,"column":24},"end":{"line":20,"column":3}},"line":14},"3":{"name":"(anonymous_3)","decl":{"start":{"line":15,"column":34},"end":{"line":15,"column":35}},"loc":{"start":{"line":15,"column":48},"end":{"line":18,"column":5}},"line":15},"4":{"name":"(anonymous_4)","decl":{"start":{"line":16,"column":40},"end":{"line":16,"column":41}},"loc":{"start":{"line":16,"column":51},"end":{"line":16,"column":78}},"line":16},"5":{"name":"(anonymous_5)","decl":{"start":{"line":33,"column":22},"end":{"line":33,"column":23}},"loc":{"start":{"line":34,"column":14},"end":{"line":34,"column":81}},"line":34}},"branchMap":{},"s":{"0":6,"1":14,"2":14,"3":14,"4":14,"5":14,"6":14,"7":14,"8":0,"9":0,"10":0,"11":14,"12":14,"13":0},"f":{"0":14,"1":14,"2":14,"3":0,"4":0,"5":0},"b":{},"_coverageSchema":"1a1c01bbd47fc00a2c39e90264f33305004495a9","hash":"26f90feda45d991b0483fb313d890cd7a36b6958"}
,"/Users/honeywell/Meetup/src/components/EventList.jsx": {"path":"/Users/honeywell/Meetup/src/components/EventList.jsx","statementMap":{"0":{"start":{"line":5,"column":18},"end":{"line":13,"column":1}},"1":{"start":{"line":6,"column":1},"end":{"line":12,"column":3}},"2":{"start":{"line":9,"column":27},"end":{"line":9,"column":65}}},"fnMap":{"0":{"name":"(anonymous_0)","decl":{"start":{"line":5,"column":18},"end":{"line":5,"column":19}},"loc":{"start":{"line":5,"column":34},"end":{"line":13,"column":1}},"line":5},"1":{"name":"(anonymous_1)","decl":{"start":{"line":9,"column":18},"end":{"line":9,"column":19}},"loc":{"start":{"line":9,"column":27},"end":{"line":9,"column":65}},"line":9}},"branchMap":{"0":{"loc":{"start":{"line":8,"column":6},"end":{"line":10,"column":11}},"type":"cond-expr","locations":[{"start":{"line":9,"column":7},"end":{"line":9,"column":66}},{"start":{"line":10,"column":7},"end":{"line":10,"column":11}}],"line":8}},"s":{"0":6,"1":19,"2":73},"f":{"0":19,"1":73},"b":{"0":[15,4]},"_coverageSchema":"1a1c01bbd47fc00a2c39e90264f33305004495a9","hash":"8ab5ff6908112a70e683d251ca97e294d9bf1a07"}
,"/Users/honeywell/Meetup/src/components/NumberOfEvents.jsx": {"path":"/Users/honeywell/Meetup/src/components/NumberOfEvents.jsx","statementMap":{"0":{"start":{"line":4,"column":23},"end":{"line":44,"column":1}},"1":{"start":{"line":5,"column":32},"end":{"line":5,"column":52}},"2":{"start":{"line":7,"column":31},"end":{"line":30,"column":5}},"3":{"start":{"line":8,"column":22},"end":{"line":8,"column":40}},"4":{"start":{"line":11,"column":29},"end":{"line":11,"column":42}},"5":{"start":{"line":13,"column":8},"end":{"line":13,"column":25}},"6":{"start":{"line":16,"column":8},"end":{"line":29,"column":9}},"7":{"start":{"line":17,"column":12},"end":{"line":17,"column":51}},"8":{"start":{"line":18,"column":15},"end":{"line":29,"column":9}},"9":{"start":{"line":19,"column":12},"end":{"line":19,"column":60}},"10":{"start":{"line":20,"column":15},"end":{"line":29,"column":9}},"11":{"start":{"line":21,"column":12},"end":{"line":21,"column":62}},"12":{"start":{"line":22,"column":15},"end":{"line":29,"column":9}},"13":{"start":{"line":23,"column":12},"end":{"line":23,"column":58}},"14":{"start":{"line":27,"column":12},"end":{"line":27,"column":31}},"15":{"start":{"line":28,"column":12},"end":{"line":28,"column":40}},"16":{"start":{"line":32,"column":4},"end":{"line":43,"column":6}}},"fnMap":{"0":{"name":"(anonymous_0)","decl":{"start":{"line":4,"column":23},"end":{"line":4,"column":24}},"loc":{"start":{"line":4,"column":74},"end":{"line":44,"column":1}},"line":4},"1":{"name":"(anonymous_1)","decl":{"start":{"line":7,"column":31},"end":{"line":7,"column":32}},"loc":{"start":{"line":7,"column":42},"end":{"line":30,"column":5}},"line":7}},"branchMap":{"0":{"loc":{"start":{"line":16,"column":8},"end":{"line":29,"column":9}},"type":"if","locations":[{"start":{"line":16,"column":8},"end":{"line":29,"column":9}},{"start":{"line":18,"column":15},"end":{"line":29,"column":9}}],"line":16},"1":{"loc":{"start":{"line":18,"column":15},"end":{"line":29,"column":9}},"type":"if","locations":[{"start":{"line":18,"column":15},"end":{"line":29,"column":9}},{"start":{"line":20,"column":15},"end":{"line":29,"column":9}}],"line":18},"2":{"loc":{"start":{"line":20,"column":15},"end":{"line":29,"column":9}},"type":"if","locations":[{"start":{"line":20,"column":15},"end":{"line":29,"column":9}},{"start":{"line":22,"column":15},"end":{"line":29,"column":9}}],"line":20},"3":{"loc":{"start":{"line":22,"column":15},"end":{"line":29,"column":9}},"type":"if","locations":[{"start":{"line":22,"column":15},"end":{"line":29,"column":9}},{"start":{"line":26,"column":8},"end":{"line":29,"column":9}}],"line":22}},"s":{"0":7,"1":49,"2":49,"3":28,"4":28,"5":28,"6":28,"7":6,"8":22,"9":6,"10":16,"11":1,"12":15,"13":1,"14":14,"15":14,"16":49},"f":{"0":49,"1":28},"b":{"0":[6,22],"1":[6,16],"2":[1,15],"3":[1,14]},"_coverageSchema":"1a1c01bbd47fc00a2c39e90264f33305004495a9","hash":"d904df10292d02658474050ecd2937576272cd91"}
}
