TN:
SF:src/App.jsx
FN:11,(anonymous_0)
FN:21,(anonymous_1)
FN:26,(anonymous_2)
FN:27,(anonymous_3)
FN:32,(anonymous_4)
FN:46,(anonymous_5)
FNF:6
FNH:5
FNDA:20,(anonymous_0)
FNDA:14,(anonymous_1)
FNDA:14,(anonymous_2)
FNDA:14,(anonymous_3)
FNDA:0,(anonymous_4)
FNDA:14,(anonymous_5)
DA:11,6
DA:12,20
DA:13,14
DA:14,14
DA:15,14
DA:16,14
DA:17,14
DA:18,14
DA:19,14
DA:21,14
DA:22,14
DA:23,14
DA:24,14
DA:26,14
DA:27,14
DA:28,14
DA:29,14
DA:30,14
DA:32,0
DA:34,14
DA:35,14
DA:37,0
DA:41,14
DA:42,14
DA:43,14
DA:44,14
DA:46,14
DA:47,14
DA:48,14
DA:52,14
LF:30
LH:28
BRDA:24,0,0,14
BRDA:24,0,1,0
BRDA:30,1,0,14
BRDA:30,1,1,0
BRDA:57,2,0,0
BRDA:57,2,1,14
BRDA:68,3,0,0
BRDA:68,3,1,14
BRDA:76,4,0,0
BRDA:76,4,1,14
BRF:10
BRH:5
end_of_record
TN:
SF:src/api.js
FN:5,(anonymous_0)
FN:37,(anonymous_1)
FN:38,(anonymous_2)
FN:44,(anonymous_3)
FN:52,(anonymous_4)
FN:72,(anonymous_5)
FN:99,(anonymous_6)
FNF:7
FNH:3
FNDA:0,(anonymous_0)
FNDA:17,(anonymous_1)
FNDA:1241,(anonymous_2)
FNDA:0,(anonymous_3)
FNDA:0,(anonymous_4)
FNDA:18,(anonymous_5)
FNDA:0,(anonymous_6)
DA:5,6
DA:6,0
DA:7,0
DA:10,0
DA:11,0
DA:12,0
DA:13,0
DA:14,0
DA:15,0
DA:18,0
DA:19,0
DA:20,0
DA:22,0
DA:24,0
DA:37,6
DA:38,1241
DA:39,17
DA:40,17
DA:44,6
DA:45,0
DA:48,0
DA:49,0
DA:52,6
DA:54,0
DA:55,0
DA:60,0
DA:62,0
DA:63,0
DA:72,6
DA:73,18
DA:74,18
DA:76,0
DA:77,0
DA:78,0
DA:79,0
DA:81,0
DA:82,0
DA:83,0
DA:84,0
DA:85,0
DA:86,0
DA:88,0
DA:89,0
DA:90,0
DA:91,0
DA:93,0
DA:96,0
DA:99,6
DA:100,0
DA:101,0
DA:103,0
DA:104,0
DA:105,0
DA:107,0
DA:108,0
DA:109,0
DA:111,0
LF:57
LH:11
BRDA:7,0,0,0
BRDA:7,0,1,0
BRDA:10,1,0,0
BRDA:10,1,1,0
BRDA:10,2,0,0
BRDA:10,2,1,0
BRDA:14,3,0,0
BRDA:14,3,1,0
BRDA:22,4,0,0
BRDA:22,4,1,0
BRDA:54,5,0,0
BRDA:54,5,1,0
BRDA:54,6,0,0
BRDA:54,6,1,0
BRDA:73,7,0,18
BRDA:73,7,1,0
BRDA:76,8,0,0
BRDA:76,8,1,0
BRDA:79,9,0,0
BRDA:79,9,1,0
BRDA:82,10,0,0
BRDA:82,10,1,0
BRDA:88,11,0,0
BRDA:88,11,1,0
BRDA:104,12,0,0
BRDA:104,12,1,0
BRDA:108,13,0,0
BRDA:108,13,1,0
BRF:28
BRH:1
end_of_record
TN:
SF:src/mock-data.js
FNF:0
FNH:0
DA:1,7
LF:1
LH:1
BRF:0
BRH:0
end_of_record
TN:
SF:src/components/Alert.jsx
FN:6,(anonymous_0)
FN:12,(anonymous_1)
FN:28,(anonymous_2)
FN:38,(anonymous_3)
FN:46,(anonymous_4)
FN:54,(anonymous_5)
FNF:6
FNH:6
FNDA:3,(anonymous_0)
FNDA:3,(anonymous_1)
FNDA:3,(anonymous_2)
FNDA:1,(anonymous_3)
FNDA:1,(anonymous_4)
FNDA:1,(anonymous_5)
DA:7,3
DA:8,3
DA:9,3
DA:12,3
DA:13,3
DA:29,3
DA:39,1
DA:40,1
DA:41,1
DA:47,1
DA:48,1
DA:49,1
DA:55,1
DA:56,1
DA:57,1
LF:15
LH:15
BRF:0
BRH:0
end_of_record
TN:
SF:src/components/Button.jsx
FN:4,(anonymous_0)
FN:7,(anonymous_1)
FN:8,(anonymous_2)
FNF:3
FNH:3
FNDA:82,(anonymous_0)
FNDA:2,(anonymous_1)
FNDA:2,(anonymous_2)
DA:4,8
DA:5,82
DA:7,82
DA:8,2
DA:11,82
LF:5
LH:5
BRDA:13,0,0,81
BRDA:13,0,1,1
BRDA:15,1,0,81
BRDA:15,1,1,1
BRF:4
BRH:4
end_of_record
TN:
SF:src/components/CityEventsChart.jsx
FN:14,(anonymous_0)
FN:17,(anonymous_1)
FN:21,(anonymous_2)
FN:22,(anonymous_3)
FN:23,(anonymous_4)
FNF:5
FNH:3
FNDA:14,(anonymous_0)
FNDA:14,(anonymous_1)
FNDA:14,(anonymous_2)
FNDA:0,(anonymous_3)
FNDA:0,(anonymous_4)
DA:14,6
DA:15,14
DA:17,14
DA:18,14
DA:21,14
DA:22,14
DA:23,0
DA:24,0
DA:25,0
DA:27,14
DA:30,14
LF:11
LH:8
BRF:0
BRH:0
end_of_record
TN:
SF:src/components/CitySearch.jsx
FN:5,(anonymous_0)
FN:16,(anonymous_1)
FN:18,(anonymous_2)
FN:42,(anonymous_3)
FN:51,(anonymous_4)
FN:52,(anonymous_5)
FN:59,(anonymous_6)
FN:71,(anonymous_7)
FN:85,(anonymous_8)
FNF:9
FNH:9
FNDA:56,(anonymous_0)
FNDA:32,(anonymous_1)
FNDA:512,(anonymous_2)
FNDA:1,(anonymous_3)
FNDA:23,(anonymous_4)
FNDA:6,(anonymous_5)
FNDA:23,(anonymous_6)
FNDA:5,(anonymous_7)
FNDA:35,(anonymous_8)
DA:5,6
DA:6,56
DA:8,56
DA:9,56
DA:10,56
DA:11,56
DA:16,56
DA:17,32
DA:18,32
DA:19,512
DA:22,32
DA:23,32
DA:25,32
DA:26,1
DA:28,31
DA:32,32
DA:33,11
DA:35,21
DA:37,32
DA:38,32
DA:42,56
DA:43,1
DA:44,1
DA:45,1
DA:46,1
DA:47,1
DA:51,56
DA:52,23
DA:53,6
DA:54,0
DA:58,23
DA:59,23
DA:60,23
DA:64,56
DA:73,5
DA:74,0
DA:75,0
DA:86,35
LF:38
LH:35
BRDA:18,0,0,32
BRDA:18,0,1,0
BRDA:25,1,0,1
BRDA:25,1,1,31
BRDA:32,2,0,11
BRDA:32,2,1,21
BRDA:53,3,0,0
BRDA:53,3,1,6
BRDA:53,4,0,6
BRDA:53,4,1,1
BRDA:73,5,0,0
BRDA:73,5,1,0
BRDA:82,6,0,56
BRDA:82,6,1,31
BRF:14
BRH:10
end_of_record
TN:
SF:src/components/Event.jsx
FN:6,(anonymous_0)
FNF:1
FNH:1
FNDA:78,(anonymous_0)
DA:6,7
DA:7,78
LF:2
LH:2
BRF:0
BRH:0
end_of_record
TN:
SF:src/components/EventGenresChart.jsx
FN:5,(anonymous_0)
FN:9,(anonymous_1)
FN:14,(anonymous_2)
FN:15,(anonymous_3)
FN:16,(anonymous_4)
FN:33,(anonymous_5)
FNF:6
FNH:3
FNDA:14,(anonymous_0)
FNDA:14,(anonymous_1)
FNDA:14,(anonymous_2)
FNDA:0,(anonymous_3)
FNDA:0,(anonymous_4)
FNDA:0,(anonymous_5)
DA:5,6
DA:6,14
DA:7,14
DA:8,14
DA:9,14
DA:10,14
DA:14,14
DA:15,14
DA:16,0
DA:17,0
DA:19,14
DA:21,14
DA:34,0
LF:13
LH:10
BRF:0
BRH:0
end_of_record
TN:
SF:src/components/EventList.jsx
FN:5,(anonymous_0)
FN:9,(anonymous_1)
FNF:2
FNH:2
FNDA:19,(anonymous_0)
FNDA:73,(anonymous_1)
DA:5,6
DA:6,19
DA:9,73
LF:3
LH:3
BRDA:8,0,0,15
BRDA:8,0,1,4
BRF:2
BRH:2
end_of_record
TN:
SF:src/components/NumberOfEvents.jsx
FN:4,(anonymous_0)
FN:7,(anonymous_1)
FNF:2
FNH:2
FNDA:49,(anonymous_0)
FNDA:28,(anonymous_1)
DA:4,7
DA:5,49
DA:7,49
DA:8,28
DA:11,28
DA:13,28
DA:16,28
DA:17,6
DA:18,22
DA:19,6
DA:20,16
DA:21,1
DA:22,15
DA:23,1
DA:27,14
DA:28,14
DA:32,49
LF:17
LH:17
BRDA:16,0,0,6
BRDA:16,0,1,22
BRDA:18,1,0,6
BRDA:18,1,1,16
BRDA:20,2,0,1
BRDA:20,2,1,15
BRDA:22,3,0,1
BRDA:22,3,1,14
BRF:8
BRH:8
end_of_record
