TN:
SF:App.jsx
FN:9,(anonymous_0)
FN:18,(anonymous_1)
FN:20,(anonymous_2)
FN:25,(anonymous_3)
FNF:4
FNH:4
FNDA:18,(anonymous_0)
FNDA:9,(anonymous_1)
FNDA:9,(anonymous_2)
FNDA:146,(anonymous_3)
DA:9,3
DA:10,18
DA:11,18
DA:12,18
DA:13,18
DA:14,18
DA:15,18
DA:18,18
DA:20,9
DA:21,9
DA:22,9
DA:23,9
DA:25,146
DA:26,9
DA:27,9
DA:29,0
DA:32,9
DA:35,18
LF:18
LH:17
BRDA:23,0,0,7
BRDA:23,0,1,2
BRDA:40,1,0,0
BRDA:40,1,1,18
BRDA:55,2,0,0
BRDA:55,2,1,18
BRF:6
BRH:4
end_of_record
TN:
SF:api.js
FN:15,(anonymous_0)
FN:16,(anonymous_1)
FN:26,(anonymous_2)
FNF:3
FNH:3
FNDA:15,(anonymous_0)
FNDA:1095,(anonymous_1)
FNDA:17,(anonymous_2)
DA:15,3
DA:16,1095
DA:17,15
DA:18,15
DA:26,3
DA:27,17
LF:6
LH:6
BRF:0
BRH:0
end_of_record
TN:
SF:mock-data.js
FNF:0
FNH:0
DA:1,4
LF:1
LH:1
BRF:0
BRH:0
end_of_record
TN:
SF:src/components/Alert.jsx
FN:6,(anonymous_0)
FN:12,(anonymous_1)
FN:28,(anonymous_2)
FN:38,(anonymous_3)
FN:46,(anonymous_4)
FNF:5
FNH:5
FNDA:4,(anonymous_0)
FNDA:4,(anonymous_1)
FNDA:4,(anonymous_2)
FNDA:2,(anonymous_3)
FNDA:2,(anonymous_4)
DA:7,4
DA:8,4
DA:9,4
DA:12,4
DA:13,4
DA:29,4
DA:39,2
DA:40,2
DA:41,2
DA:47,2
DA:48,2
DA:49,2
LF:12
LH:12
BRF:0
BRH:0
end_of_record
TN:
SF:src/components/Button.jsx
FN:4,(anonymous_0)
FN:7,(anonymous_1)
FN:8,(anonymous_2)
FNF:3
FNH:3
FNDA:412,(anonymous_0)
FNDA:2,(anonymous_1)
FNDA:2,(anonymous_2)
DA:4,5
DA:5,412
DA:7,412
DA:8,2
DA:11,412
LF:5
LH:5
BRDA:13,0,0,411
BRDA:13,0,1,1
BRDA:15,1,0,411
BRDA:15,1,1,1
BRF:4
BRH:4
end_of_record
TN:
SF:src/components/CitySearch.jsx
FN:5,(anonymous_0)
FN:11,(anonymous_1)
FN:14,(anonymous_2)
FN:37,(anonymous_3)
FN:46,(anonymous_4)
FN:47,(anonymous_5)
FN:54,(anonymous_6)
FN:66,(anonymous_7)
FN:80,(anonymous_8)
FNF:9
FNH:9
FNDA:83,(anonymous_0)
FNDA:44,(anonymous_1)
FNDA:660,(anonymous_2)
FNDA:3,(anonymous_3)
FNDA:24,(anonymous_4)
FNDA:18,(anonymous_5)
FNDA:24,(anonymous_6)
FNDA:9,(anonymous_7)
FNDA:191,(anonymous_8)
DA:5,3
DA:6,83
DA:7,83
DA:8,83
DA:9,83
DA:11,83
DA:12,44
DA:14,44
DA:15,660
DA:18,44
DA:19,44
DA:21,44
DA:22,1
DA:24,43
DA:28,44
DA:29,11
DA:31,33
DA:33,44
DA:37,83
DA:38,3
DA:39,3
DA:40,3
DA:41,3
DA:42,3
DA:46,83
DA:47,24
DA:48,18
DA:49,1
DA:53,24
DA:54,24
DA:55,24
DA:59,83
DA:68,9
DA:69,9
DA:70,9
DA:81,191
LF:36
LH:36
BRDA:14,0,0,44
BRDA:14,0,1,0
BRDA:21,1,0,1
BRDA:21,1,1,43
BRDA:28,2,0,11
BRDA:28,2,1,33
BRDA:48,3,0,1
BRDA:48,3,1,17
BRDA:48,4,0,18
BRDA:48,4,1,4
BRDA:68,5,0,9
BRDA:68,5,1,0
BRDA:77,6,0,83
BRDA:77,6,1,52
BRF:14
BRH:12
end_of_record
TN:
SF:src/components/Event.jsx
FN:6,(anonymous_0)
FNF:1
FNH:1
FNDA:408,(anonymous_0)
DA:6,4
DA:7,408
LF:2
LH:2
BRF:0
BRH:0
end_of_record
TN:
SF:src/components/EventList.jsx
FN:5,(anonymous_0)
FN:9,(anonymous_1)
FNF:2
FNH:2
FNDA:24,(anonymous_0)
FNDA:403,(anonymous_1)
DA:5,3
DA:6,24
DA:9,403
LF:3
LH:3
BRDA:8,0,0,19
BRDA:8,0,1,5
BRF:2
BRH:2
end_of_record
TN:
SF:src/components/NumberOfEvents.jsx
FN:4,(anonymous_0)
FN:7,(anonymous_1)
FNF:2
FNH:2
FNDA:53,(anonymous_0)
FNDA:28,(anonymous_1)
DA:4,4
DA:5,53
DA:7,53
DA:8,28
DA:11,28
DA:13,28
DA:16,28
DA:17,6
DA:18,22
DA:19,6
DA:20,16
DA:21,1
DA:22,15
DA:23,1
DA:27,14
DA:28,14
DA:32,53
LF:17
LH:17
BRDA:16,0,0,6
BRDA:16,0,1,22
BRDA:18,1,0,6
BRDA:18,1,1,16
BRDA:20,2,0,1
BRDA:20,2,1,15
BRDA:22,3,0,1
BRDA:22,3,1,14
BRF:8
BRH:8
end_of_record
